2022-09-09 00:21:44.842  INFO 10596 --- [main] f.p.newFive.NewFiveApplication           : Starting NewFiveApplication using Java 17.0.3 on MSI with PID 10596 (D:\sopra\projetParis\newFive\target\classes started by jude_ in D:\sopra\projetParis\newFive)
2022-09-09 00:21:44.846  INFO 10596 --- [main] f.p.newFive.NewFiveApplication           : No active profile set, falling back to 1 default profile: "default"
2022-09-09 00:21:45.987  INFO 10596 --- [main] .s.d.r.c.RepositoryConfigurationDelegate : Bootstrapping Spring Data JPA repositories in DEFAULT mode.
2022-09-09 00:21:46.014  INFO 10596 --- [main] .s.d.r.c.RepositoryConfigurationDelegate : Finished Spring Data repository scanning in 9 ms. Found 0 JPA repository interfaces.
2022-09-09 00:21:46.960  INFO 10596 --- [main] o.s.b.w.embedded.tomcat.TomcatWebServer  : Tomcat initialized with port(s): 8080 (http)
2022-09-09 00:21:46.982  INFO 10596 --- [main] o.apache.catalina.core.StandardService   : Starting service [Tomcat]
2022-09-09 00:21:46.982  INFO 10596 --- [main] org.apache.catalina.core.StandardEngine  : Starting Servlet engine: [Apache Tomcat/9.0.65]
2022-09-09 00:21:47.407  INFO 10596 --- [main] org.apache.jasper.servlet.TldScanner     : At least one JAR was scanned for TLDs yet contained no TLDs. Enable debug logging for this logger for a complete list of JARs that were scanned but no TLDs were found in them. Skipping unneeded JARs during scanning can improve startup time and JSP compilation time.
2022-09-09 00:21:47.433  INFO 10596 --- [main] o.a.c.c.C.[Tomcat].[localhost].[/five]   : Initializing Spring embedded WebApplicationContext
2022-09-09 00:21:47.434  INFO 10596 --- [main] w.s.c.ServletWebServerApplicationContext : Root WebApplicationContext: initialization completed in 2503 ms
2022-09-09 00:21:47.659  INFO 10596 --- [main] o.hibernate.jpa.internal.util.LogHelper  : HHH000204: Processing PersistenceUnitInfo [name: default]
2022-09-09 00:21:47.753  INFO 10596 --- [main] org.hibernate.Version                    : HHH000412: Hibernate ORM core version 5.6.10.Final
2022-09-09 00:21:47.983  INFO 10596 --- [main] o.hibernate.annotations.common.Version   : HCANN000001: Hibernate Commons Annotations {5.1.2.Final}
2022-09-09 00:21:48.140  INFO 10596 --- [main] com.zaxxer.hikari.HikariDataSource       : HikariPool-1 - Starting...
2022-09-09 00:21:48.549  INFO 10596 --- [main] com.zaxxer.hikari.HikariDataSource       : HikariPool-1 - Start completed.
2022-09-09 00:21:48.581  INFO 10596 --- [main] org.hibernate.dialect.Dialect            : HHH000400: Using dialect: org.hibernate.dialect.PostgreSQL10Dialect
2022-09-09 00:21:49.312  INFO 10596 --- [main] o.h.e.t.j.p.i.JtaPlatformInitiator       : HHH000490: Using JtaPlatform implementation: [org.hibernate.engine.transaction.jta.platform.internal.NoJtaPlatform]
2022-09-09 00:21:49.327  INFO 10596 --- [main] j.LocalContainerEntityManagerFactoryBean : Initialized JPA EntityManagerFactory for persistence unit 'default'
2022-09-09 00:21:49.394  WARN 10596 --- [main] JpaBaseConfiguration$JpaWebConfiguration : spring.jpa.open-in-view is enabled by default. Therefore, database queries may be performed during view rendering. Explicitly configure spring.jpa.open-in-view to disable this warning
2022-09-09 00:21:49.903  WARN 10596 --- [main] .s.s.UserDetailsServiceAutoConfiguration : 

Using generated security password: 31a31372-70c0-4229-9a7c-9843072d5ed8

This generated password is for development use only. Your security configuration must be updated before running your application in production.

2022-09-09 00:21:50.106  INFO 10596 --- [main] o.s.s.web.DefaultSecurityFilterChain     : Will secure any request with [org.springframework.security.web.session.DisableEncodeUrlFilter@b76b7d8, org.springframework.security.web.context.request.async.WebAsyncManagerIntegrationFilter@1c135f63, org.springframework.security.web.context.SecurityContextPersistenceFilter@3a751535, org.springframework.security.web.header.HeaderWriterFilter@5d0e703a, org.springframework.security.web.csrf.CsrfFilter@7286827b, org.springframework.security.web.authentication.logout.LogoutFilter@1d9bd1d6, org.springframework.security.web.authentication.UsernamePasswordAuthenticationFilter@2f8f40cc, org.springframework.security.web.authentication.ui.DefaultLoginPageGeneratingFilter@93f15f6, org.springframework.security.web.authentication.ui.DefaultLogoutPageGeneratingFilter@63c4d16, org.springframework.security.web.authentication.www.BasicAuthenticationFilter@702cfbde, org.springframework.security.web.savedrequest.RequestCacheAwareFilter@2f166d61, org.springframework.security.web.servletapi.SecurityContextHolderAwareRequestFilter@5896b9f5, org.springframework.security.web.authentication.AnonymousAuthenticationFilter@29bd2796, org.springframework.security.web.session.SessionManagementFilter@6f655dbd, org.springframework.security.web.access.ExceptionTranslationFilter@24068086, org.springframework.security.web.access.intercept.FilterSecurityInterceptor@86377d5]
2022-09-09 00:21:50.202  INFO 10596 --- [main] o.s.b.w.embedded.tomcat.TomcatWebServer  : Tomcat started on port(s): 8080 (http) with context path '/five'
2022-09-09 00:21:50.217  INFO 10596 --- [main] f.p.newFive.NewFiveApplication           : Started NewFiveApplication in 6.021 seconds (JVM running for 6.752)
2022-09-09 00:22:05.812  INFO 9532 --- [main] f.p.newFive.NewFiveApplication           : Starting NewFiveApplication using Java 17.0.3 on MSI with PID 9532 (D:\sopra\projetParis\newFive\target\classes started by jude_ in D:\sopra\projetParis\newFive)
2022-09-09 00:22:05.815  INFO 9532 --- [main] f.p.newFive.NewFiveApplication           : No active profile set, falling back to 1 default profile: "default"
2022-09-09 00:22:06.756  INFO 9532 --- [main] .s.d.r.c.RepositoryConfigurationDelegate : Bootstrapping Spring Data JPA repositories in DEFAULT mode.
2022-09-09 00:22:06.784  INFO 9532 --- [main] .s.d.r.c.RepositoryConfigurationDelegate : Finished Spring Data repository scanning in 10 ms. Found 0 JPA repository interfaces.
2022-09-09 00:22:07.703  INFO 9532 --- [main] o.s.b.w.embedded.tomcat.TomcatWebServer  : Tomcat initialized with port(s): 8080 (http)
2022-09-09 00:22:07.717  INFO 9532 --- [main] o.apache.catalina.core.StandardService   : Starting service [Tomcat]
2022-09-09 00:22:07.717  INFO 9532 --- [main] org.apache.catalina.core.StandardEngine  : Starting Servlet engine: [Apache Tomcat/9.0.65]
2022-09-09 00:22:08.126  INFO 9532 --- [main] org.apache.jasper.servlet.TldScanner     : At least one JAR was scanned for TLDs yet contained no TLDs. Enable debug logging for this logger for a complete list of JARs that were scanned but no TLDs were found in them. Skipping unneeded JARs during scanning can improve startup time and JSP compilation time.
2022-09-09 00:22:08.148  INFO 9532 --- [main] o.a.c.c.C.[Tomcat].[localhost].[/five]   : Initializing Spring embedded WebApplicationContext
2022-09-09 00:22:08.148  INFO 9532 --- [main] w.s.c.ServletWebServerApplicationContext : Root WebApplicationContext: initialization completed in 2266 ms
2022-09-09 00:22:08.372  INFO 9532 --- [main] o.hibernate.jpa.internal.util.LogHelper  : HHH000204: Processing PersistenceUnitInfo [name: default]
2022-09-09 00:22:08.504  INFO 9532 --- [main] org.hibernate.Version                    : HHH000412: Hibernate ORM core version 5.6.10.Final
2022-09-09 00:22:08.726  INFO 9532 --- [main] o.hibernate.annotations.common.Version   : HCANN000001: Hibernate Commons Annotations {5.1.2.Final}
2022-09-09 00:22:08.879  INFO 9532 --- [main] com.zaxxer.hikari.HikariDataSource       : HikariPool-1 - Starting...
2022-09-09 00:22:09.152  INFO 9532 --- [main] com.zaxxer.hikari.HikariDataSource       : HikariPool-1 - Start completed.
2022-09-09 00:22:09.178  INFO 9532 --- [main] org.hibernate.dialect.Dialect            : HHH000400: Using dialect: org.hibernate.dialect.PostgreSQL10Dialect
2022-09-09 00:22:09.573  INFO 9532 --- [main] o.h.e.t.j.p.i.JtaPlatformInitiator       : HHH000490: Using JtaPlatform implementation: [org.hibernate.engine.transaction.jta.platform.internal.NoJtaPlatform]
2022-09-09 00:22:09.599  INFO 9532 --- [main] j.LocalContainerEntityManagerFactoryBean : Initialized JPA EntityManagerFactory for persistence unit 'default'
2022-09-09 00:22:09.684  WARN 9532 --- [main] JpaBaseConfiguration$JpaWebConfiguration : spring.jpa.open-in-view is enabled by default. Therefore, database queries may be performed during view rendering. Explicitly configure spring.jpa.open-in-view to disable this warning
2022-09-09 00:22:10.185  WARN 9532 --- [main] .s.s.UserDetailsServiceAutoConfiguration : 

Using generated security password: 85180977-9071-4ca9-8a17-2c6fd729b534

This generated password is for development use only. Your security configuration must be updated before running your application in production.

2022-09-09 00:22:10.351  INFO 9532 --- [main] o.s.s.web.DefaultSecurityFilterChain     : Will secure any request with [org.springframework.security.web.session.DisableEncodeUrlFilter@1f3361e9, org.springframework.security.web.context.request.async.WebAsyncManagerIntegrationFilter@eebc0db, org.springframework.security.web.context.SecurityContextPersistenceFilter@1dfe5dd1, org.springframework.security.web.header.HeaderWriterFilter@74a5bef0, org.springframework.security.web.csrf.CsrfFilter@71e7c13f, org.springframework.security.web.authentication.logout.LogoutFilter@3d98729a, org.springframework.security.web.authentication.UsernamePasswordAuthenticationFilter@702cfbde, org.springframework.security.web.authentication.ui.DefaultLoginPageGeneratingFilter@1b8ee69d, org.springframework.security.web.authentication.ui.DefaultLogoutPageGeneratingFilter@1214c98b, org.springframework.security.web.authentication.www.BasicAuthenticationFilter@355493bf, org.springframework.security.web.savedrequest.RequestCacheAwareFilter@6e017950, org.springframework.security.web.servletapi.SecurityContextHolderAwareRequestFilter@1d06801f, org.springframework.security.web.authentication.AnonymousAuthenticationFilter@6ab50d1c, org.springframework.security.web.session.SessionManagementFilter@570ed9c, org.springframework.security.web.access.ExceptionTranslationFilter@5896b9f5, org.springframework.security.web.access.intercept.FilterSecurityInterceptor@76e9eed8]
2022-09-09 00:22:10.404  WARN 9532 --- [main] ConfigServletWebServerApplicationContext : Exception encountered during context initialization - cancelling refresh attempt: org.springframework.context.ApplicationContextException: Failed to start bean 'webServerStartStop'; nested exception is org.springframework.boot.web.server.PortInUseException: Port 8080 is already in use
2022-09-09 00:22:10.408  INFO 9532 --- [main] j.LocalContainerEntityManagerFactoryBean : Closing JPA EntityManagerFactory for persistence unit 'default'
2022-09-09 00:22:10.412  INFO 9532 --- [main] com.zaxxer.hikari.HikariDataSource       : HikariPool-1 - Shutdown initiated...
2022-09-09 00:22:10.434  INFO 9532 --- [main] com.zaxxer.hikari.HikariDataSource       : HikariPool-1 - Shutdown completed.
2022-09-09 00:22:10.438  INFO 9532 --- [main] o.apache.catalina.core.StandardService   : Stopping service [Tomcat]
2022-09-09 00:22:10.458  INFO 9532 --- [main] ConditionEvaluationReportLoggingListener : 

Error starting ApplicationContext. To display the conditions report re-run your application with 'debug' enabled.
2022-09-09 00:22:10.489 ERROR 9532 --- [main] o.s.b.d.LoggingFailureAnalysisReporter   : 

***************************
APPLICATION FAILED TO START
***************************

Description:

Web server failed to start. Port 8080 was already in use.

Action:

Identify and stop the process that's listening on port 8080 or configure this application to listen on another port.

2022-09-09 00:22:18.965  INFO 21216 --- [main] f.p.newFive.NewFiveApplication           : Starting NewFiveApplication using Java 17.0.3 on MSI with PID 21216 (D:\sopra\projetParis\newFive\target\classes started by jude_ in D:\sopra\projetParis\newFive)
2022-09-09 00:22:18.968  INFO 21216 --- [main] f.p.newFive.NewFiveApplication           : No active profile set, falling back to 1 default profile: "default"
2022-09-09 00:22:19.977  INFO 21216 --- [main] .s.d.r.c.RepositoryConfigurationDelegate : Bootstrapping Spring Data JPA repositories in DEFAULT mode.
2022-09-09 00:22:20.003  INFO 21216 --- [main] .s.d.r.c.RepositoryConfigurationDelegate : Finished Spring Data repository scanning in 9 ms. Found 0 JPA repository interfaces.
2022-09-09 00:22:20.908  INFO 21216 --- [main] o.s.b.w.embedded.tomcat.TomcatWebServer  : Tomcat initialized with port(s): 8080 (http)
2022-09-09 00:22:20.923  INFO 21216 --- [main] o.apache.catalina.core.StandardService   : Starting service [Tomcat]
2022-09-09 00:22:20.923  INFO 21216 --- [main] org.apache.catalina.core.StandardEngine  : Starting Servlet engine: [Apache Tomcat/9.0.65]
2022-09-09 00:22:21.333  INFO 21216 --- [main] org.apache.jasper.servlet.TldScanner     : At least one JAR was scanned for TLDs yet contained no TLDs. Enable debug logging for this logger for a complete list of JARs that were scanned but no TLDs were found in them. Skipping unneeded JARs during scanning can improve startup time and JSP compilation time.
2022-09-09 00:22:21.358  INFO 21216 --- [main] o.a.c.c.C.[Tomcat].[localhost].[/five]   : Initializing Spring embedded WebApplicationContext
2022-09-09 00:22:21.358  INFO 21216 --- [main] w.s.c.ServletWebServerApplicationContext : Root WebApplicationContext: initialization completed in 2321 ms
2022-09-09 00:22:21.566  INFO 21216 --- [main] o.hibernate.jpa.internal.util.LogHelper  : HHH000204: Processing PersistenceUnitInfo [name: default]
2022-09-09 00:22:21.664  INFO 21216 --- [main] org.hibernate.Version                    : HHH000412: Hibernate ORM core version 5.6.10.Final
2022-09-09 00:22:21.858  INFO 21216 --- [main] o.hibernate.annotations.common.Version   : HCANN000001: Hibernate Commons Annotations {5.1.2.Final}
2022-09-09 00:22:21.990  INFO 21216 --- [main] com.zaxxer.hikari.HikariDataSource       : HikariPool-1 - Starting...
2022-09-09 00:22:22.233  INFO 21216 --- [main] com.zaxxer.hikari.HikariDataSource       : HikariPool-1 - Start completed.
2022-09-09 00:22:22.258  INFO 21216 --- [main] org.hibernate.dialect.Dialect            : HHH000400: Using dialect: org.hibernate.dialect.PostgreSQL10Dialect
2022-09-09 00:22:22.664  INFO 21216 --- [main] o.h.e.t.j.p.i.JtaPlatformInitiator       : HHH000490: Using JtaPlatform implementation: [org.hibernate.engine.transaction.jta.platform.internal.NoJtaPlatform]
2022-09-09 00:22:22.679  INFO 21216 --- [main] j.LocalContainerEntityManagerFactoryBean : Initialized JPA EntityManagerFactory for persistence unit 'default'
2022-09-09 00:22:22.761  WARN 21216 --- [main] JpaBaseConfiguration$JpaWebConfiguration : spring.jpa.open-in-view is enabled by default. Therefore, database queries may be performed during view rendering. Explicitly configure spring.jpa.open-in-view to disable this warning
2022-09-09 00:22:23.247  WARN 21216 --- [main] .s.s.UserDetailsServiceAutoConfiguration : 

Using generated security password: 7d2c7b1e-9cab-4caf-886a-3b04fcc4ef21

This generated password is for development use only. Your security configuration must be updated before running your application in production.

2022-09-09 00:22:23.424  INFO 21216 --- [main] o.s.s.web.DefaultSecurityFilterChain     : Will secure any request with [org.springframework.security.web.session.DisableEncodeUrlFilter@2f8f40cc, org.springframework.security.web.context.request.async.WebAsyncManagerIntegrationFilter@14d81f2c, org.springframework.security.web.context.SecurityContextPersistenceFilter@35524549, org.springframework.security.web.header.HeaderWriterFilter@141dfcf9, org.springframework.security.web.csrf.CsrfFilter@5b23c1f6, org.springframework.security.web.authentication.logout.LogoutFilter@7f77e065, org.springframework.security.web.authentication.UsernamePasswordAuthenticationFilter@4f2fdf3d, org.springframework.security.web.authentication.ui.DefaultLoginPageGeneratingFilter@2ef913a4, org.springframework.security.web.authentication.ui.DefaultLogoutPageGeneratingFilter@5dd3727c, org.springframework.security.web.authentication.www.BasicAuthenticationFilter@77998ea7, org.springframework.security.web.savedrequest.RequestCacheAwareFilter@280d6a20, org.springframework.security.web.servletapi.SecurityContextHolderAwareRequestFilter@56f72909, org.springframework.security.web.authentication.AnonymousAuthenticationFilter@774013dc, org.springframework.security.web.session.SessionManagementFilter@63eea8c4, org.springframework.security.web.access.ExceptionTranslationFilter@397a10df, org.springframework.security.web.access.intercept.FilterSecurityInterceptor@48d31d25]
2022-09-09 00:22:23.523  INFO 21216 --- [main] o.s.b.w.embedded.tomcat.TomcatWebServer  : Tomcat started on port(s): 8080 (http) with context path '/five'
2022-09-09 00:22:23.539  INFO 21216 --- [main] f.p.newFive.NewFiveApplication           : Started NewFiveApplication in 5.181 seconds (JVM running for 5.816)
2022-09-09 00:23:09.079  INFO 18588 --- [main] f.p.newFive.NewFiveApplication           : Starting NewFiveApplication using Java 17.0.3 on MSI with PID 18588 (D:\sopra\projetParis\newFive\target\classes started by jude_ in D:\sopra\projetParis\newFive)
2022-09-09 00:23:09.083  INFO 18588 --- [main] f.p.newFive.NewFiveApplication           : No active profile set, falling back to 1 default profile: "default"
2022-09-09 00:23:10.031  INFO 18588 --- [main] .s.d.r.c.RepositoryConfigurationDelegate : Bootstrapping Spring Data JPA repositories in DEFAULT mode.
2022-09-09 00:23:10.055  INFO 18588 --- [main] .s.d.r.c.RepositoryConfigurationDelegate : Finished Spring Data repository scanning in 8 ms. Found 0 JPA repository interfaces.
2022-09-09 00:23:10.969  INFO 18588 --- [main] o.s.b.w.embedded.tomcat.TomcatWebServer  : Tomcat initialized with port(s): 8080 (http)
2022-09-09 00:23:10.985  INFO 18588 --- [main] o.apache.catalina.core.StandardService   : Starting service [Tomcat]
2022-09-09 00:23:10.986  INFO 18588 --- [main] org.apache.catalina.core.StandardEngine  : Starting Servlet engine: [Apache Tomcat/9.0.65]
2022-09-09 00:23:11.388  INFO 18588 --- [main] org.apache.jasper.servlet.TldScanner     : At least one JAR was scanned for TLDs yet contained no TLDs. Enable debug logging for this logger for a complete list of JARs that were scanned but no TLDs were found in them. Skipping unneeded JARs during scanning can improve startup time and JSP compilation time.
2022-09-09 00:23:11.412  INFO 18588 --- [main] o.a.c.c.C.[Tomcat].[localhost].[/five]   : Initializing Spring embedded WebApplicationContext
2022-09-09 00:23:11.413  INFO 18588 --- [main] w.s.c.ServletWebServerApplicationContext : Root WebApplicationContext: initialization completed in 2252 ms
2022-09-09 00:23:11.663  INFO 18588 --- [main] o.hibernate.jpa.internal.util.LogHelper  : HHH000204: Processing PersistenceUnitInfo [name: default]
2022-09-09 00:23:11.748  INFO 18588 --- [main] org.hibernate.Version                    : HHH000412: Hibernate ORM core version 5.6.10.Final
2022-09-09 00:23:11.963  INFO 18588 --- [main] o.hibernate.annotations.common.Version   : HCANN000001: Hibernate Commons Annotations {5.1.2.Final}
2022-09-09 00:23:12.123  INFO 18588 --- [main] com.zaxxer.hikari.HikariDataSource       : HikariPool-1 - Starting...
2022-09-09 00:23:12.377  INFO 18588 --- [main] com.zaxxer.hikari.HikariDataSource       : HikariPool-1 - Start completed.
2022-09-09 00:23:12.410  INFO 18588 --- [main] org.hibernate.dialect.Dialect            : HHH000400: Using dialect: org.hibernate.dialect.PostgreSQL10Dialect
2022-09-09 00:23:12.801  INFO 18588 --- [main] o.h.e.t.j.p.i.JtaPlatformInitiator       : HHH000490: Using JtaPlatform implementation: [org.hibernate.engine.transaction.jta.platform.internal.NoJtaPlatform]
2022-09-09 00:23:12.820  INFO 18588 --- [main] j.LocalContainerEntityManagerFactoryBean : Initialized JPA EntityManagerFactory for persistence unit 'default'
2022-09-09 00:23:12.892  WARN 18588 --- [main] JpaBaseConfiguration$JpaWebConfiguration : spring.jpa.open-in-view is enabled by default. Therefore, database queries may be performed during view rendering. Explicitly configure spring.jpa.open-in-view to disable this warning
2022-09-09 00:23:13.378  WARN 18588 --- [main] .s.s.UserDetailsServiceAutoConfiguration : 

Using generated security password: 7908db1b-1cab-4e80-87e4-49ca910fbc4a

This generated password is for development use only. Your security configuration must be updated before running your application in production.

2022-09-09 00:23:13.540  INFO 18588 --- [main] o.s.s.web.DefaultSecurityFilterChain     : Will secure any request with [org.springframework.security.web.session.DisableEncodeUrlFilter@36638b59, org.springframework.security.web.context.request.async.WebAsyncManagerIntegrationFilter@2f8f40cc, org.springframework.security.web.context.SecurityContextPersistenceFilter@621392ea, org.springframework.security.web.header.HeaderWriterFilter@39a865c1, org.springframework.security.web.csrf.CsrfFilter@4f7ba0af, org.springframework.security.web.authentication.logout.LogoutFilter@5d0e703a, org.springframework.security.web.authentication.UsernamePasswordAuthenticationFilter@4de158ca, org.springframework.security.web.authentication.ui.DefaultLoginPageGeneratingFilter@1dd64243, org.springframework.security.web.authentication.ui.DefaultLogoutPageGeneratingFilter@14d81f2c, org.springframework.security.web.authentication.www.BasicAuthenticationFilter@87220f1, org.springframework.security.web.savedrequest.RequestCacheAwareFilter@23ec63af, org.springframework.security.web.servletapi.SecurityContextHolderAwareRequestFilter@280d6a20, org.springframework.security.web.authentication.AnonymousAuthenticationFilter@5dd3727c, org.springframework.security.web.session.SessionManagementFilter@a7bbdbc, org.springframework.security.web.access.ExceptionTranslationFilter@e3c36d, org.springframework.security.web.access.intercept.FilterSecurityInterceptor@69e36fe3]
2022-09-09 00:23:13.643  INFO 18588 --- [main] o.s.b.w.embedded.tomcat.TomcatWebServer  : Tomcat started on port(s): 8080 (http) with context path '/five'
2022-09-09 00:23:13.658  INFO 18588 --- [main] f.p.newFive.NewFiveApplication           : Started NewFiveApplication in 5.177 seconds (JVM running for 5.816)
2022-09-09 00:23:35.225  INFO 18588 --- [http-nio-8080-exec-4] o.a.c.c.C.[Tomcat].[localhost].[/five]   : Initializing Spring DispatcherServlet 'dispatcherServlet'
2022-09-09 00:23:35.225  INFO 18588 --- [http-nio-8080-exec-4] o.s.web.servlet.DispatcherServlet        : Initializing Servlet 'dispatcherServlet'
2022-09-09 00:23:35.226  INFO 18588 --- [http-nio-8080-exec-4] o.s.web.servlet.DispatcherServlet        : Completed initialization in 0 ms
2022-09-09 00:52:16.900  INFO 23436 --- [main] f.p.newFive.NewFiveApplication           : Starting NewFiveApplication using Java 17.0.3 on MSI with PID 23436 (D:\sopra\projetParis\newFive\target\classes started by jude_ in D:\sopra\projetParis\newFive)
2022-09-09 00:52:16.905  INFO 23436 --- [main] f.p.newFive.NewFiveApplication           : No active profile set, falling back to 1 default profile: "default"
2022-09-09 00:52:17.896  INFO 23436 --- [main] .s.d.r.c.RepositoryConfigurationDelegate : Bootstrapping Spring Data JPA repositories in DEFAULT mode.
2022-09-09 00:52:17.922  INFO 23436 --- [main] .s.d.r.c.RepositoryConfigurationDelegate : Finished Spring Data repository scanning in 10 ms. Found 0 JPA repository interfaces.
2022-09-09 00:52:18.849  INFO 23436 --- [main] o.s.b.w.embedded.tomcat.TomcatWebServer  : Tomcat initialized with port(s): 8080 (http)
2022-09-09 00:52:18.865  INFO 23436 --- [main] o.apache.catalina.core.StandardService   : Starting service [Tomcat]
2022-09-09 00:52:18.865  INFO 23436 --- [main] org.apache.catalina.core.StandardEngine  : Starting Servlet engine: [Apache Tomcat/9.0.65]
2022-09-09 00:52:19.289  INFO 23436 --- [main] org.apache.jasper.servlet.TldScanner     : At least one JAR was scanned for TLDs yet contained no TLDs. Enable debug logging for this logger for a complete list of JARs that were scanned but no TLDs were found in them. Skipping unneeded JARs during scanning can improve startup time and JSP compilation time.
2022-09-09 00:52:19.312  INFO 23436 --- [main] o.a.c.c.C.[Tomcat].[localhost].[/five]   : Initializing Spring embedded WebApplicationContext
2022-09-09 00:52:19.313  INFO 23436 --- [main] w.s.c.ServletWebServerApplicationContext : Root WebApplicationContext: initialization completed in 2337 ms
2022-09-09 00:52:19.535  INFO 23436 --- [main] o.hibernate.jpa.internal.util.LogHelper  : HHH000204: Processing PersistenceUnitInfo [name: default]
2022-09-09 00:52:19.596  INFO 23436 --- [main] org.hibernate.Version                    : HHH000412: Hibernate ORM core version 5.6.10.Final
2022-09-09 00:52:19.820  INFO 23436 --- [main] o.hibernate.annotations.common.Version   : HCANN000001: Hibernate Commons Annotations {5.1.2.Final}
2022-09-09 00:52:20.000  INFO 23436 --- [main] com.zaxxer.hikari.HikariDataSource       : HikariPool-1 - Starting...
2022-09-09 00:52:20.322  INFO 23436 --- [main] com.zaxxer.hikari.HikariDataSource       : HikariPool-1 - Start completed.
2022-09-09 00:52:20.353  INFO 23436 --- [main] org.hibernate.dialect.Dialect            : HHH000400: Using dialect: org.hibernate.dialect.PostgreSQL10Dialect
2022-09-09 00:52:20.744  INFO 23436 --- [main] o.h.e.t.j.p.i.JtaPlatformInitiator       : HHH000490: Using JtaPlatform implementation: [org.hibernate.engine.transaction.jta.platform.internal.NoJtaPlatform]
2022-09-09 00:52:20.764  INFO 23436 --- [main] j.LocalContainerEntityManagerFactoryBean : Initialized JPA EntityManagerFactory for persistence unit 'default'
2022-09-09 00:52:20.830  WARN 23436 --- [main] JpaBaseConfiguration$JpaWebConfiguration : spring.jpa.open-in-view is enabled by default. Therefore, database queries may be performed during view rendering. Explicitly configure spring.jpa.open-in-view to disable this warning
2022-09-09 00:52:20.893  WARN 23436 --- [main] ConfigServletWebServerApplicationContext : Exception encountered during context initialization - cancelling refresh attempt: org.springframework.beans.factory.UnsatisfiedDependencyException: Error creating bean with name 'securityConfig': Unsatisfied dependency expressed through field 'userDetailsService'; nested exception is org.springframework.beans.factory.BeanCreationException: Error creating bean with name 'inMemoryUserDetailsManager' defined in class path resource [org/springframework/boot/autoconfigure/security/servlet/UserDetailsServiceAutoConfiguration.class]: Bean instantiation via factory method failed; nested exception is org.springframework.beans.BeanInstantiationException: Failed to instantiate [org.springframework.security.provisioning.InMemoryUserDetailsManager]: Factory method 'inMemoryUserDetailsManager' threw exception; nested exception is org.springframework.beans.factory.BeanCurrentlyInCreationException: Error creating bean with name 'securityConfig': Requested bean is currently in creation: Is there an unresolvable circular reference?
2022-09-09 00:52:20.894  INFO 23436 --- [main] j.LocalContainerEntityManagerFactoryBean : Closing JPA EntityManagerFactory for persistence unit 'default'
2022-09-09 00:52:20.898  INFO 23436 --- [main] com.zaxxer.hikari.HikariDataSource       : HikariPool-1 - Shutdown initiated...
2022-09-09 00:52:20.924  INFO 23436 --- [main] com.zaxxer.hikari.HikariDataSource       : HikariPool-1 - Shutdown completed.
2022-09-09 00:52:20.935  INFO 23436 --- [main] o.apache.catalina.core.StandardService   : Stopping service [Tomcat]
2022-09-09 00:52:20.956  INFO 23436 --- [main] ConditionEvaluationReportLoggingListener : 

Error starting ApplicationContext. To display the conditions report re-run your application with 'debug' enabled.
2022-09-09 00:52:20.989 ERROR 23436 --- [main] o.s.b.d.LoggingFailureAnalysisReporter   : 

***************************
APPLICATION FAILED TO START
***************************

Description:

The dependencies of some of the beans in the application context form a cycle:

┌─────┐
|  securityConfig (field private org.springframework.security.core.userdetails.UserDetailsService formation.projetParis.newFive.configuration.SecurityConfig.userDetailsService)
↑     ↓
|  inMemoryUserDetailsManager defined in class path resource [org/springframework/boot/autoconfigure/security/servlet/UserDetailsServiceAutoConfiguration.class]
└─────┘


Action:

Relying upon circular references is discouraged and they are prohibited by default. Update your application to remove the dependency cycle between beans. As a last resort, it may be possible to break the cycle automatically by setting spring.main.allow-circular-references to true.

2022-09-09 00:55:51.428  INFO 17956 --- [main] f.p.newFive.NewFiveApplication           : Starting NewFiveApplication using Java 17.0.3 on MSI with PID 17956 (D:\sopra\projetParis\newFive\target\classes started by jude_ in D:\sopra\projetParis\newFive)
2022-09-09 00:55:51.431  INFO 17956 --- [main] f.p.newFive.NewFiveApplication           : No active profile set, falling back to 1 default profile: "default"
2022-09-09 00:55:52.460  INFO 17956 --- [main] .s.d.r.c.RepositoryConfigurationDelegate : Bootstrapping Spring Data JPA repositories in DEFAULT mode.
2022-09-09 00:55:52.489  INFO 17956 --- [main] .s.d.r.c.RepositoryConfigurationDelegate : Finished Spring Data repository scanning in 10 ms. Found 0 JPA repository interfaces.
2022-09-09 00:55:53.489  INFO 17956 --- [main] o.s.b.w.embedded.tomcat.TomcatWebServer  : Tomcat initialized with port(s): 8080 (http)
2022-09-09 00:55:53.509  INFO 17956 --- [main] o.apache.catalina.core.StandardService   : Starting service [Tomcat]
2022-09-09 00:55:53.509  INFO 17956 --- [main] org.apache.catalina.core.StandardEngine  : Starting Servlet engine: [Apache Tomcat/9.0.65]
2022-09-09 00:55:53.971  INFO 17956 --- [main] org.apache.jasper.servlet.TldScanner     : At least one JAR was scanned for TLDs yet contained no TLDs. Enable debug logging for this logger for a complete list of JARs that were scanned but no TLDs were found in them. Skipping unneeded JARs during scanning can improve startup time and JSP compilation time.
2022-09-09 00:55:53.997  INFO 17956 --- [main] o.a.c.c.C.[Tomcat].[localhost].[/five]   : Initializing Spring embedded WebApplicationContext
2022-09-09 00:55:53.998  INFO 17956 --- [main] w.s.c.ServletWebServerApplicationContext : Root WebApplicationContext: initialization completed in 2494 ms
2022-09-09 00:55:54.243  INFO 17956 --- [main] o.hibernate.jpa.internal.util.LogHelper  : HHH000204: Processing PersistenceUnitInfo [name: default]
2022-09-09 00:55:54.307  INFO 17956 --- [main] org.hibernate.Version                    : HHH000412: Hibernate ORM core version 5.6.10.Final
2022-09-09 00:55:54.553  INFO 17956 --- [main] o.hibernate.annotations.common.Version   : HCANN000001: Hibernate Commons Annotations {5.1.2.Final}
2022-09-09 00:55:54.721  INFO 17956 --- [main] com.zaxxer.hikari.HikariDataSource       : HikariPool-1 - Starting...
2022-09-09 00:55:54.981  INFO 17956 --- [main] com.zaxxer.hikari.HikariDataSource       : HikariPool-1 - Start completed.
2022-09-09 00:55:55.016  INFO 17956 --- [main] org.hibernate.dialect.Dialect            : HHH000400: Using dialect: org.hibernate.dialect.PostgreSQL10Dialect
2022-09-09 00:55:55.427  INFO 17956 --- [main] o.h.e.t.j.p.i.JtaPlatformInitiator       : HHH000490: Using JtaPlatform implementation: [org.hibernate.engine.transaction.jta.platform.internal.NoJtaPlatform]
2022-09-09 00:55:55.449  INFO 17956 --- [main] j.LocalContainerEntityManagerFactoryBean : Initialized JPA EntityManagerFactory for persistence unit 'default'
2022-09-09 00:55:55.516  WARN 17956 --- [main] JpaBaseConfiguration$JpaWebConfiguration : spring.jpa.open-in-view is enabled by default. Therefore, database queries may be performed during view rendering. Explicitly configure spring.jpa.open-in-view to disable this warning
2022-09-09 00:55:55.562  WARN 17956 --- [main] ConfigServletWebServerApplicationContext : Exception encountered during context initialization - cancelling refresh attempt: org.springframework.beans.factory.UnsatisfiedDependencyException: Error creating bean with name 'securityConfig': Unsatisfied dependency expressed through field 'userDetailsService'; nested exception is org.springframework.beans.factory.BeanCreationException: Error creating bean with name 'inMemoryUserDetailsManager' defined in class path resource [org/springframework/boot/autoconfigure/security/servlet/UserDetailsServiceAutoConfiguration.class]: Bean instantiation via factory method failed; nested exception is org.springframework.beans.BeanInstantiationException: Failed to instantiate [org.springframework.security.provisioning.InMemoryUserDetailsManager]: Factory method 'inMemoryUserDetailsManager' threw exception; nested exception is org.springframework.beans.factory.BeanCurrentlyInCreationException: Error creating bean with name 'securityConfig': Requested bean is currently in creation: Is there an unresolvable circular reference?
2022-09-09 00:55:55.563  INFO 17956 --- [main] j.LocalContainerEntityManagerFactoryBean : Closing JPA EntityManagerFactory for persistence unit 'default'
2022-09-09 00:55:55.568  INFO 17956 --- [main] com.zaxxer.hikari.HikariDataSource       : HikariPool-1 - Shutdown initiated...
2022-09-09 00:55:55.632  INFO 17956 --- [main] com.zaxxer.hikari.HikariDataSource       : HikariPool-1 - Shutdown completed.
2022-09-09 00:55:55.635  INFO 17956 --- [main] o.apache.catalina.core.StandardService   : Stopping service [Tomcat]
2022-09-09 00:55:55.648  INFO 17956 --- [main] ConditionEvaluationReportLoggingListener : 

Error starting ApplicationContext. To display the conditions report re-run your application with 'debug' enabled.
2022-09-09 00:55:55.681 ERROR 17956 --- [main] o.s.b.d.LoggingFailureAnalysisReporter   : 

***************************
APPLICATION FAILED TO START
***************************

Description:

The dependencies of some of the beans in the application context form a cycle:

┌─────┐
|  securityConfig (field private org.springframework.security.core.userdetails.UserDetailsService formation.projetParis.newFive.configuration.SecurityConfig.userDetailsService)
↑     ↓
|  inMemoryUserDetailsManager defined in class path resource [org/springframework/boot/autoconfigure/security/servlet/UserDetailsServiceAutoConfiguration.class]
└─────┘


Action:

Relying upon circular references is discouraged and they are prohibited by default. Update your application to remove the dependency cycle between beans. As a last resort, it may be possible to break the cycle automatically by setting spring.main.allow-circular-references to true.

2022-09-09 01:03:23.374  INFO 9664 --- [main] f.p.newFive.NewFiveApplication           : Starting NewFiveApplication using Java 17.0.3 on MSI with PID 9664 (D:\sopra\projetParis\newFive\target\classes started by jude_ in D:\sopra\projetParis\newFive)
2022-09-09 01:03:23.378  INFO 9664 --- [main] f.p.newFive.NewFiveApplication           : No active profile set, falling back to 1 default profile: "default"
2022-09-09 01:03:24.409  INFO 9664 --- [main] .s.d.r.c.RepositoryConfigurationDelegate : Bootstrapping Spring Data JPA repositories in DEFAULT mode.
2022-09-09 01:03:24.445  INFO 9664 --- [main] .s.d.r.c.RepositoryConfigurationDelegate : Finished Spring Data repository scanning in 13 ms. Found 0 JPA repository interfaces.
2022-09-09 01:03:25.433  INFO 9664 --- [main] o.s.b.w.embedded.tomcat.TomcatWebServer  : Tomcat initialized with port(s): 8080 (http)
2022-09-09 01:03:25.447  INFO 9664 --- [main] o.apache.catalina.core.StandardService   : Starting service [Tomcat]
2022-09-09 01:03:25.447  INFO 9664 --- [main] org.apache.catalina.core.StandardEngine  : Starting Servlet engine: [Apache Tomcat/9.0.65]
2022-09-09 01:03:25.890  INFO 9664 --- [main] org.apache.jasper.servlet.TldScanner     : At least one JAR was scanned for TLDs yet contained no TLDs. Enable debug logging for this logger for a complete list of JARs that were scanned but no TLDs were found in them. Skipping unneeded JARs during scanning can improve startup time and JSP compilation time.
2022-09-09 01:03:25.912  INFO 9664 --- [main] o.a.c.c.C.[Tomcat].[localhost].[/five]   : Initializing Spring embedded WebApplicationContext
2022-09-09 01:03:25.912  INFO 9664 --- [main] w.s.c.ServletWebServerApplicationContext : Root WebApplicationContext: initialization completed in 2455 ms
2022-09-09 01:03:26.161  INFO 9664 --- [main] o.hibernate.jpa.internal.util.LogHelper  : HHH000204: Processing PersistenceUnitInfo [name: default]
2022-09-09 01:03:26.248  INFO 9664 --- [main] org.hibernate.Version                    : HHH000412: Hibernate ORM core version 5.6.10.Final
2022-09-09 01:03:26.466  INFO 9664 --- [main] o.hibernate.annotations.common.Version   : HCANN000001: Hibernate Commons Annotations {5.1.2.Final}
2022-09-09 01:03:26.631  INFO 9664 --- [main] com.zaxxer.hikari.HikariDataSource       : HikariPool-1 - Starting...
2022-09-09 01:03:26.994  INFO 9664 --- [main] com.zaxxer.hikari.HikariDataSource       : HikariPool-1 - Start completed.
2022-09-09 01:03:27.022  INFO 9664 --- [main] org.hibernate.dialect.Dialect            : HHH000400: Using dialect: org.hibernate.dialect.PostgreSQL10Dialect
2022-09-09 01:03:27.377  INFO 9664 --- [main] o.h.e.t.j.p.i.JtaPlatformInitiator       : HHH000490: Using JtaPlatform implementation: [org.hibernate.engine.transaction.jta.platform.internal.NoJtaPlatform]
2022-09-09 01:03:27.404  INFO 9664 --- [main] j.LocalContainerEntityManagerFactoryBean : Initialized JPA EntityManagerFactory for persistence unit 'default'
2022-09-09 01:03:27.493  WARN 9664 --- [main] .s.s.UserDetailsServiceAutoConfiguration : 

Using generated security password: d53f868b-9a12-4d5b-bc0c-dfc87fe2b851

This generated password is for development use only. Your security configuration must be updated before running your application in production.

2022-09-09 01:03:27.712  INFO 9664 --- [main] o.s.s.web.DefaultSecurityFilterChain     : Will secure Ant [pattern='/**'] with [org.springframework.security.web.session.DisableEncodeUrlFilter@24fef542, org.springframework.security.web.context.request.async.WebAsyncManagerIntegrationFilter@44ddb518, org.springframework.security.web.context.SecurityContextPersistenceFilter@3cf8a235, org.springframework.security.web.header.HeaderWriterFilter@3d132bb6, org.springframework.security.web.authentication.logout.LogoutFilter@248d3a, org.springframework.security.web.authentication.UsernamePasswordAuthenticationFilter@47ef5a33, org.springframework.security.web.authentication.ui.DefaultLoginPageGeneratingFilter@59f7c106, org.springframework.security.web.authentication.ui.DefaultLogoutPageGeneratingFilter@e36bc01, org.springframework.security.web.savedrequest.RequestCacheAwareFilter@238ad211, org.springframework.security.web.servletapi.SecurityContextHolderAwareRequestFilter@1c011855, org.springframework.security.web.authentication.AnonymousAuthenticationFilter@6654ca0d, org.springframework.security.web.session.SessionManagementFilter@225e09f0, org.springframework.security.web.access.ExceptionTranslationFilter@23ec2bdc, org.springframework.security.web.access.intercept.FilterSecurityInterceptor@6697f3d]
2022-09-09 01:03:27.785  WARN 9664 --- [main] JpaBaseConfiguration$JpaWebConfiguration : spring.jpa.open-in-view is enabled by default. Therefore, database queries may be performed during view rendering. Explicitly configure spring.jpa.open-in-view to disable this warning
2022-09-09 01:03:28.281  INFO 9664 --- [main] o.s.b.w.embedded.tomcat.TomcatWebServer  : Tomcat started on port(s): 8080 (http) with context path '/five'
2022-09-09 01:03:28.295  INFO 9664 --- [main] f.p.newFive.NewFiveApplication           : Started NewFiveApplication in 5.572 seconds (JVM running for 6.255)
2022-09-09 01:03:34.624  INFO 9664 --- [http-nio-8080-exec-1] o.a.c.c.C.[Tomcat].[localhost].[/five]   : Initializing Spring DispatcherServlet 'dispatcherServlet'
2022-09-09 01:03:34.625  INFO 9664 --- [http-nio-8080-exec-1] o.s.web.servlet.DispatcherServlet        : Initializing Servlet 'dispatcherServlet'
2022-09-09 01:03:34.626  INFO 9664 --- [http-nio-8080-exec-1] o.s.web.servlet.DispatcherServlet        : Completed initialization in 1 ms
2022-09-09 01:04:03.750  WARN 9664 --- [http-nio-8080-exec-7] o.s.s.c.bcrypt.BCryptPasswordEncoder     : Encoded password does not look like BCrypt
2022-09-09 01:04:19.159  WARN 9664 --- [http-nio-8080-exec-9] o.s.s.c.bcrypt.BCryptPasswordEncoder     : Encoded password does not look like BCrypt
2022-09-09 01:04:23.737  WARN 9664 --- [http-nio-8080-exec-1] o.s.s.c.bcrypt.BCryptPasswordEncoder     : Encoded password does not look like BCrypt
2022-09-09 10:34:56.732  INFO 32308 --- [main] f.p.newFive.NewFiveApplication           : Starting NewFiveApplication using Java 17.0.3 on LAPTOP-TGHAAKQE with PID 32308 (C:\Users\Mohamed\Documents\projetParis\newFive\target\classes started by Mohamed in C:\Users\Mohamed\Documents\projetParis\newFive)
2022-09-09 10:34:56.755  INFO 32308 --- [main] f.p.newFive.NewFiveApplication           : No active profile set, falling back to 1 default profile: "default"
2022-09-09 10:34:58.080  INFO 32308 --- [main] .s.d.r.c.RepositoryConfigurationDelegate : Bootstrapping Spring Data JPA repositories in DEFAULT mode.
2022-09-09 10:34:58.218  INFO 32308 --- [main] .s.d.r.c.RepositoryConfigurationDelegate : Finished Spring Data repository scanning in 124 ms. Found 8 JPA repository interfaces.
2022-09-09 10:34:59.215  INFO 32308 --- [main] o.s.b.w.embedded.tomcat.TomcatWebServer  : Tomcat initialized with port(s): 8080 (http)
2022-09-09 10:34:59.234  INFO 32308 --- [main] o.apache.catalina.core.StandardService   : Starting service [Tomcat]
2022-09-09 10:34:59.235  INFO 32308 --- [main] org.apache.catalina.core.StandardEngine  : Starting Servlet engine: [Apache Tomcat/9.0.65]
2022-09-09 10:34:59.942  INFO 32308 --- [main] org.apache.jasper.servlet.TldScanner     : At least one JAR was scanned for TLDs yet contained no TLDs. Enable debug logging for this logger for a complete list of JARs that were scanned but no TLDs were found in them. Skipping unneeded JARs during scanning can improve startup time and JSP compilation time.
2022-09-09 10:34:59.976  INFO 32308 --- [main] o.a.c.c.C.[Tomcat].[localhost].[/five]   : Initializing Spring embedded WebApplicationContext
2022-09-09 10:34:59.976  INFO 32308 --- [main] w.s.c.ServletWebServerApplicationContext : Root WebApplicationContext: initialization completed in 3113 ms
2022-09-09 10:35:00.230  INFO 32308 --- [main] o.hibernate.jpa.internal.util.LogHelper  : HHH000204: Processing PersistenceUnitInfo [name: default]
2022-09-09 10:35:00.340  INFO 32308 --- [main] org.hibernate.Version                    : HHH000412: Hibernate ORM core version 5.6.10.Final
2022-09-09 10:35:00.637  INFO 32308 --- [main] o.hibernate.annotations.common.Version   : HCANN000001: Hibernate Commons Annotations {5.1.2.Final}
2022-09-09 10:35:00.853  INFO 32308 --- [main] com.zaxxer.hikari.HikariDataSource       : HikariPool-1 - Starting...
2022-09-09 10:35:01.150  INFO 32308 --- [main] com.zaxxer.hikari.HikariDataSource       : HikariPool-1 - Start completed.
2022-09-09 10:35:01.185  INFO 32308 --- [main] org.hibernate.dialect.Dialect            : HHH000400: Using dialect: org.hibernate.dialect.PostgreSQL10Dialect
2022-09-09 10:35:03.669  INFO 32308 --- [main] o.h.e.t.j.p.i.JtaPlatformInitiator       : HHH000490: Using JtaPlatform implementation: [org.hibernate.engine.transaction.jta.platform.internal.NoJtaPlatform]
2022-09-09 10:35:03.936  INFO 32308 --- [main] j.LocalContainerEntityManagerFactoryBean : Initialized JPA EntityManagerFactory for persistence unit 'default'
2022-09-09 10:35:05.187  WARN 32308 --- [main] .s.s.UserDetailsServiceAutoConfiguration : 

Using generated security password: 0705d74e-087d-4403-aa3c-452d1659ac6f

This generated password is for development use only. Your security configuration must be updated before running your application in production.

2022-09-09 10:35:05.389  INFO 32308 --- [main] o.s.s.web.DefaultSecurityFilterChain     : Will secure Ant [pattern='/**'] with [org.springframework.security.web.session.DisableEncodeUrlFilter@145ef9e8, org.springframework.security.web.context.request.async.WebAsyncManagerIntegrationFilter@2e667e95, org.springframework.security.web.context.SecurityContextPersistenceFilter@57fae911, org.springframework.security.web.header.HeaderWriterFilter@24e79a4d, org.springframework.security.web.authentication.logout.LogoutFilter@7dd2a5f7, org.springframework.security.web.authentication.UsernamePasswordAuthenticationFilter@75973f7a, org.springframework.security.web.authentication.ui.DefaultLoginPageGeneratingFilter@6dbdbb69, org.springframework.security.web.authentication.ui.DefaultLogoutPageGeneratingFilter@514b247b, org.springframework.security.web.savedrequest.RequestCacheAwareFilter@28941a68, org.springframework.security.web.servletapi.SecurityContextHolderAwareRequestFilter@24ce5d4c, org.springframework.security.web.authentication.AnonymousAuthenticationFilter@66b62ebd, org.springframework.security.web.session.SessionManagementFilter@705eb026, org.springframework.security.web.access.ExceptionTranslationFilter@5b2fc2c0, org.springframework.security.web.access.intercept.FilterSecurityInterceptor@2e76d0d3]
2022-09-09 10:35:05.440  WARN 32308 --- [main] JpaBaseConfiguration$JpaWebConfiguration : spring.jpa.open-in-view is enabled by default. Therefore, database queries may be performed during view rendering. Explicitly configure spring.jpa.open-in-view to disable this warning
2022-09-09 10:35:06.167  INFO 32308 --- [main] o.s.b.w.embedded.tomcat.TomcatWebServer  : Tomcat started on port(s): 8080 (http) with context path '/five'
2022-09-09 10:35:06.198  INFO 32308 --- [main] f.p.newFive.NewFiveApplication           : Started NewFiveApplication in 10.504 seconds (JVM running for 12.206)
2022-09-09 11:17:32.706  INFO 5320 --- [main] f.p.newFive.NewFiveApplication           : Starting NewFiveApplication using Java 17.0.3 on MSI with PID 5320 (D:\sopra\projetParis\newFive\target\classes started by jude_ in D:\sopra\projetParis\newFive)
2022-09-09 11:17:32.710  INFO 5320 --- [main] f.p.newFive.NewFiveApplication           : No active profile set, falling back to 1 default profile: "default"
2022-09-09 11:17:33.849  INFO 5320 --- [main] .s.d.r.c.RepositoryConfigurationDelegate : Bootstrapping Spring Data JPA repositories in DEFAULT mode.
2022-09-09 11:17:33.967  INFO 5320 --- [main] .s.d.r.c.RepositoryConfigurationDelegate : Finished Spring Data repository scanning in 106 ms. Found 8 JPA repository interfaces.
2022-09-09 11:17:34.653  INFO 5320 --- [main] o.s.b.w.embedded.tomcat.TomcatWebServer  : Tomcat initialized with port(s): 8080 (http)
2022-09-09 11:17:34.665  INFO 5320 --- [main] o.apache.catalina.core.StandardService   : Starting service [Tomcat]
2022-09-09 11:17:34.666  INFO 5320 --- [main] org.apache.catalina.core.StandardEngine  : Starting Servlet engine: [Apache Tomcat/9.0.65]
2022-09-09 11:17:35.034  INFO 5320 --- [main] org.apache.jasper.servlet.TldScanner     : At least one JAR was scanned for TLDs yet contained no TLDs. Enable debug logging for this logger for a complete list of JARs that were scanned but no TLDs were found in them. Skipping unneeded JARs during scanning can improve startup time and JSP compilation time.
2022-09-09 11:17:35.049  INFO 5320 --- [main] o.a.c.c.C.[Tomcat].[localhost].[/five]   : Initializing Spring embedded WebApplicationContext
2022-09-09 11:17:35.050  INFO 5320 --- [main] w.s.c.ServletWebServerApplicationContext : Root WebApplicationContext: initialization completed in 2256 ms
2022-09-09 11:17:35.251  INFO 5320 --- [main] o.hibernate.jpa.internal.util.LogHelper  : HHH000204: Processing PersistenceUnitInfo [name: default]
2022-09-09 11:17:35.321  INFO 5320 --- [main] org.hibernate.Version                    : HHH000412: Hibernate ORM core version 5.6.10.Final
2022-09-09 11:17:35.538  INFO 5320 --- [main] o.hibernate.annotations.common.Version   : HCANN000001: Hibernate Commons Annotations {5.1.2.Final}
2022-09-09 11:17:35.687  INFO 5320 --- [main] com.zaxxer.hikari.HikariDataSource       : HikariPool-1 - Starting...
2022-09-09 11:17:36.030  INFO 5320 --- [main] com.zaxxer.hikari.HikariDataSource       : HikariPool-1 - Start completed.
2022-09-09 11:17:36.053  INFO 5320 --- [main] org.hibernate.dialect.Dialect            : HHH000400: Using dialect: org.hibernate.dialect.PostgreSQL10Dialect
2022-09-09 11:17:37.518  INFO 5320 --- [main] o.h.e.t.j.p.i.JtaPlatformInitiator       : HHH000490: Using JtaPlatform implementation: [org.hibernate.engine.transaction.jta.platform.internal.NoJtaPlatform]
2022-09-09 11:17:37.663  INFO 5320 --- [main] j.LocalContainerEntityManagerFactoryBean : Initialized JPA EntityManagerFactory for persistence unit 'default'
2022-09-09 11:17:38.411  WARN 5320 --- [main] .s.s.UserDetailsServiceAutoConfiguration : 

Using generated security password: 5139f9d2-b5ed-480a-b9b3-212b5ffd4e8e

This generated password is for development use only. Your security configuration must be updated before running your application in production.

2022-09-09 11:17:38.598  INFO 5320 --- [main] o.s.s.web.DefaultSecurityFilterChain     : Will secure Ant [pattern='/**'] with [org.springframework.security.web.session.DisableEncodeUrlFilter@47cf65f1, org.springframework.security.web.context.request.async.WebAsyncManagerIntegrationFilter@156f0281, org.springframework.security.web.context.SecurityContextPersistenceFilter@5e643402, org.springframework.security.web.header.HeaderWriterFilter@4fc84c92, org.springframework.security.web.authentication.logout.LogoutFilter@39a09c0, org.springframework.security.web.authentication.UsernamePasswordAuthenticationFilter@62fbefad, org.springframework.security.web.authentication.ui.DefaultLoginPageGeneratingFilter@8ad182c, org.springframework.security.web.authentication.ui.DefaultLogoutPageGeneratingFilter@1e041848, org.springframework.security.web.savedrequest.RequestCacheAwareFilter@78141c58, org.springframework.security.web.servletapi.SecurityContextHolderAwareRequestFilter@9863ed5, org.springframework.security.web.authentication.AnonymousAuthenticationFilter@7097ead6, org.springframework.security.web.session.SessionManagementFilter@6406b84d, org.springframework.security.web.access.ExceptionTranslationFilter@15a5cc6e, org.springframework.security.web.access.intercept.FilterSecurityInterceptor@4f72078d]
2022-09-09 11:17:38.644  WARN 5320 --- [main] JpaBaseConfiguration$JpaWebConfiguration : spring.jpa.open-in-view is enabled by default. Therefore, database queries may be performed during view rendering. Explicitly configure spring.jpa.open-in-view to disable this warning
2022-09-09 11:17:39.125  INFO 5320 --- [main] o.s.b.w.embedded.tomcat.TomcatWebServer  : Tomcat started on port(s): 8080 (http) with context path '/five'
2022-09-09 11:17:39.137  INFO 5320 --- [main] f.p.newFive.NewFiveApplication           : Started NewFiveApplication in 7.127 seconds (JVM running for 8.362)
2022-09-09 11:17:59.371  INFO 5320 --- [http-nio-8080-exec-2] o.a.c.c.C.[Tomcat].[localhost].[/five]   : Initializing Spring DispatcherServlet 'dispatcherServlet'
2022-09-09 11:17:59.371  INFO 5320 --- [http-nio-8080-exec-2] o.s.web.servlet.DispatcherServlet        : Initializing Servlet 'dispatcherServlet'
2022-09-09 11:17:59.372  INFO 5320 --- [http-nio-8080-exec-2] o.s.web.servlet.DispatcherServlet        : Completed initialization in 1 ms
2022-09-09 11:23:37.008  INFO 5320 --- [RMI TCP Connection(14)-127.0.0.1] inMXBeanRegistrar$SpringApplicationAdmin : Application shutdown requested.
2022-09-09 11:23:37.027  INFO 5320 --- [RMI TCP Connection(14)-127.0.0.1] o.apache.catalina.core.StandardService   : Stopping service [Tomcat]
2022-09-09 11:23:37.030  INFO 5320 --- [RMI TCP Connection(14)-127.0.0.1] o.a.c.c.C.[Tomcat].[localhost].[/five]   : Destroying Spring FrameworkServlet 'dispatcherServlet'
2022-09-09 11:23:37.045  INFO 5320 --- [RMI TCP Connection(14)-127.0.0.1] j.LocalContainerEntityManagerFactoryBean : Closing JPA EntityManagerFactory for persistence unit 'default'
2022-09-09 11:23:37.047  INFO 5320 --- [RMI TCP Connection(14)-127.0.0.1] com.zaxxer.hikari.HikariDataSource       : HikariPool-1 - Shutdown initiated...
2022-09-09 11:23:37.056  INFO 5320 --- [RMI TCP Connection(14)-127.0.0.1] com.zaxxer.hikari.HikariDataSource       : HikariPool-1 - Shutdown completed.
2022-09-09 11:23:40.323  INFO 1732 --- [main] f.p.newFive.NewFiveApplication           : Starting NewFiveApplication using Java 17.0.3 on MSI with PID 1732 (D:\sopra\projetParis\newFive\target\classes started by jude_ in D:\sopra\projetParis\newFive)
2022-09-09 11:23:40.328  INFO 1732 --- [main] f.p.newFive.NewFiveApplication           : No active profile set, falling back to 1 default profile: "default"
2022-09-09 11:23:41.257  INFO 1732 --- [main] .s.d.r.c.RepositoryConfigurationDelegate : Bootstrapping Spring Data JPA repositories in DEFAULT mode.
2022-09-09 11:23:41.360  INFO 1732 --- [main] .s.d.r.c.RepositoryConfigurationDelegate : Finished Spring Data repository scanning in 91 ms. Found 8 JPA repository interfaces.
2022-09-09 11:23:42.160  INFO 1732 --- [main] o.s.b.w.embedded.tomcat.TomcatWebServer  : Tomcat initialized with port(s): 8080 (http)
2022-09-09 11:23:42.173  INFO 1732 --- [main] o.apache.catalina.core.StandardService   : Starting service [Tomcat]
2022-09-09 11:23:42.174  INFO 1732 --- [main] org.apache.catalina.core.StandardEngine  : Starting Servlet engine: [Apache Tomcat/9.0.65]
2022-09-09 11:23:42.551  INFO 1732 --- [main] org.apache.jasper.servlet.TldScanner     : At least one JAR was scanned for TLDs yet contained no TLDs. Enable debug logging for this logger for a complete list of JARs that were scanned but no TLDs were found in them. Skipping unneeded JARs during scanning can improve startup time and JSP compilation time.
2022-09-09 11:23:42.568  INFO 1732 --- [main] o.a.c.c.C.[Tomcat].[localhost].[/five]   : Initializing Spring embedded WebApplicationContext
2022-09-09 11:23:42.568  INFO 1732 --- [main] w.s.c.ServletWebServerApplicationContext : Root WebApplicationContext: initialization completed in 2179 ms
2022-09-09 11:23:42.779  INFO 1732 --- [main] o.hibernate.jpa.internal.util.LogHelper  : HHH000204: Processing PersistenceUnitInfo [name: default]
2022-09-09 11:23:42.861  INFO 1732 --- [main] org.hibernate.Version                    : HHH000412: Hibernate ORM core version 5.6.10.Final
2022-09-09 11:23:43.090  INFO 1732 --- [main] o.hibernate.annotations.common.Version   : HCANN000001: Hibernate Commons Annotations {5.1.2.Final}
2022-09-09 11:23:43.258  INFO 1732 --- [main] com.zaxxer.hikari.HikariDataSource       : HikariPool-1 - Starting...
2022-09-09 11:23:43.503  INFO 1732 --- [main] com.zaxxer.hikari.HikariDataSource       : HikariPool-1 - Start completed.
2022-09-09 11:23:43.530  INFO 1732 --- [main] org.hibernate.dialect.Dialect            : HHH000400: Using dialect: org.hibernate.dialect.PostgreSQL10Dialect
2022-09-09 11:23:46.171  INFO 1732 --- [main] o.h.e.t.j.p.i.JtaPlatformInitiator       : HHH000490: Using JtaPlatform implementation: [org.hibernate.engine.transaction.jta.platform.internal.NoJtaPlatform]
2022-09-09 11:23:46.303  INFO 1732 --- [main] j.LocalContainerEntityManagerFactoryBean : Initialized JPA EntityManagerFactory for persistence unit 'default'
2022-09-09 11:23:46.987  WARN 1732 --- [main] .s.s.UserDetailsServiceAutoConfiguration : 

Using generated security password: 91792725-145e-49af-9fc5-8476eda4932b

This generated password is for development use only. Your security configuration must be updated before running your application in production.

2022-09-09 11:23:47.167  INFO 1732 --- [main] o.s.s.web.DefaultSecurityFilterChain     : Will secure Ant [pattern='/**'] with [org.springframework.security.web.session.DisableEncodeUrlFilter@2082e0e4, org.springframework.security.web.context.request.async.WebAsyncManagerIntegrationFilter@15f229e8, org.springframework.security.web.context.SecurityContextPersistenceFilter@12051d38, org.springframework.security.web.header.HeaderWriterFilter@3f5e64c9, org.springframework.security.web.authentication.logout.LogoutFilter@3da55998, org.springframework.security.web.authentication.UsernamePasswordAuthenticationFilter@461b38ca, org.springframework.security.web.authentication.ui.DefaultLoginPageGeneratingFilter@3d195d15, org.springframework.security.web.authentication.ui.DefaultLogoutPageGeneratingFilter@29ce33e9, org.springframework.security.web.savedrequest.RequestCacheAwareFilter@67730dab, org.springframework.security.web.servletapi.SecurityContextHolderAwareRequestFilter@466cca41, org.springframework.security.web.authentication.AnonymousAuthenticationFilter@1f86f7da, org.springframework.security.web.session.SessionManagementFilter@3d00e981, org.springframework.security.web.access.ExceptionTranslationFilter@402c415e, org.springframework.security.web.access.intercept.FilterSecurityInterceptor@729c98]
2022-09-09 11:23:47.215  WARN 1732 --- [main] JpaBaseConfiguration$JpaWebConfiguration : spring.jpa.open-in-view is enabled by default. Therefore, database queries may be performed during view rendering. Explicitly configure spring.jpa.open-in-view to disable this warning
2022-09-09 11:23:47.680  INFO 1732 --- [main] o.s.b.w.embedded.tomcat.TomcatWebServer  : Tomcat started on port(s): 8080 (http) with context path '/five'
2022-09-09 11:23:47.691  INFO 1732 --- [main] f.p.newFive.NewFiveApplication           : Started NewFiveApplication in 7.913 seconds (JVM running for 9.068)
2022-09-09 11:25:58.618  INFO 1732 --- [http-nio-8080-exec-2] o.a.c.c.C.[Tomcat].[localhost].[/five]   : Initializing Spring DispatcherServlet 'dispatcherServlet'
2022-09-09 11:25:58.619  INFO 1732 --- [http-nio-8080-exec-2] o.s.web.servlet.DispatcherServlet        : Initializing Servlet 'dispatcherServlet'
2022-09-09 11:25:58.620  INFO 1732 --- [http-nio-8080-exec-2] o.s.web.servlet.DispatcherServlet        : Completed initialization in 1 ms
